  Ball.cpp
  Sim.cpp
C:\Users\Ben\Documents\SFML_Projects\sfml-dynamics\sfml-dynamics\Sim.cpp(6,77): warning C4244: 'argument': conversion from '_Rep' to 'unsigned int', possible loss of data
          with
          [
              _Rep=std::chrono::system_clock::rep
          ]
C:\Users\Ben\Documents\SFML_Projects\sfml-dynamics\sfml-dynamics\Sim.cpp(39,66): warning C4244: 'argument': conversion from 'T' to '_Ty', possible loss of data
          with
          [
              T=unsigned int
          ]
          and
          [
              _Ty=float
          ]
C:\Users\Ben\Documents\SFML_Projects\sfml-dynamics\sfml-dynamics\Sim.cpp(40,66): warning C4244: 'argument': conversion from 'T' to '_Ty', possible loss of data
          with
          [
              T=unsigned int
          ]
          and
          [
              _Ty=float
          ]
C:\Users\Ben\Documents\SFML_Projects\sfml-dynamics\sfml-dynamics\Sim.cpp(54,67): warning C4244: 'argument': conversion from 'float' to 'sf::Uint8', possible loss of data
C:\Users\Ben\Documents\SFML_Projects\sfml-dynamics\sfml-dynamics\Sim.cpp(54,44): warning C4244: 'argument': conversion from 'float' to 'sf::Uint8', possible loss of data
C:\Users\Ben\Documents\SFML_Projects\sfml-dynamics\sfml-dynamics\Sim.cpp(54,21): warning C4244: 'argument': conversion from 'float' to 'sf::Uint8', possible loss of data
C:\Users\Ben\Documents\SFML_Projects\sfml-dynamics\sfml-dynamics\Sim.cpp(192,20): warning C4018: '<': signed/unsigned mismatch
C:\Users\Ben\Documents\SFML_Projects\sfml-dynamics\sfml-dynamics\Sim.cpp(206,68): warning C4244: 'argument': conversion from 'T' to 'T', possible loss of data
          with
          [
              T=unsigned int
          ]
          and
          [
              T=float
          ]
C:\Users\Ben\Documents\SFML_Projects\sfml-dynamics\sfml-dynamics\Sim.cpp(206,47): warning C4244: 'argument': conversion from 'T' to 'T', possible loss of data
          with
          [
              T=unsigned int
          ]
          and
          [
              T=float
          ]
  Wall.cpp
  main.cpp
  Generating code
  0 of 264 functions ( 0.0%) were compiled, the rest were copied from previous compilation.
    0 functions were new in current compilation
    0 functions had inline decision re-evaluated but remain unchanged
  Finished generating code
  sfml-dynamics.vcxproj -> C:\Users\Ben\Documents\SFML_Projects\sfml-dynamics\Release\sfml-dynamics.exe
